<?xml version="1.0" encoding="UTF-8"?>
<testng-results skipped="0" failed="0" ignored="0" total="1" passed="1">
  <reporter-output>
  </reporter-output>
  <suite name="Default suite" duration-ms="83066" started-at="2018-01-05T16:35:50Z" finished-at="2018-01-05T16:37:13Z">
    <groups>
    </groups>
    <test name="Default test" duration-ms="83066" started-at="2018-01-05T16:35:50Z" finished-at="2018-01-05T16:37:13Z">
      <class name="com.sap.dcs.automation.TicketCreationNew">
        <test-method status="PASS" signature="main()[pri:0, instance:com.sap.dcs.automation.TicketCreationNew@5792a0]" name="main" duration-ms="83042" started-at="2018-01-05T22:05:50Z" finished-at="2018-01-05T22:07:13Z">
          <reporter-output>
          </reporter-output>
        </test-method> <!-- main -->
      </class> <!-- com.sap.dcs.automation.TicketCreationNew -->
    </test> <!-- Default test -->
  </suite> <!-- Default suite -->
</testng-results>
